<?xml version="1.0" encoding="UTF-8"?>
<!-- Generated by org.testng.reporters.JUnitReportReporter -->
<testsuite hostname="DESKTOP-J2U4NGA" failures="0" tests="3" name="com.crm.qa.testcases.LoginpageTest" time="35.967" errors="0" timestamp="27 Sep 2018 21:03:16 GMT" skipped="0">
  <testcase classname="com.crm.qa.testcases.LoginpageTest" name="CRMlogoTest" time="11.437"/>
  <testcase classname="com.crm.qa.testcases.LoginpageTest" name="LoginPageTitleTest" time="7.371"/>
  <testcase classname="com.crm.qa.testcases.LoginpageTest" name="LoginTest" time="17.159"/>
</testsuite> <!-- com.crm.qa.testcases.LoginpageTest -->
